<?xml version="1.0" encoding="UTF-8"?>
<!-- Generated by org.testng.reporters.JUnitXMLReporter -->
<testsuite ignored="0" hostname="LAPTOP-ER81FAOP" failures="0" tests="2" name="Default test" time="0.063" errors="0" timestamp="2023-02-24T12:24:26 IST">
  <testcase classname="testNgTest.TestNgclass_3" name="@BeforeTest LauchBrowser" time="-1.677221666854E9">
    <failure type="org.testng.TestNGException" message="
Parameter &amp;apos;browser&amp;apos; is required by BeforeTest on method LauchBrowser but has not been marked @Optional or defined
in C:\Users\HOME\AppData\Local\Temp\testng-eclipse-1988999569\testng-customsuite.xml">
      <![CDATA[org.testng.TestNGException: 
Parameter 'browser' is required by BeforeTest on method LauchBrowser but has not been marked @Optional or defined
in C:\Users\HOME\AppData\Local\Temp\testng-eclipse-1988999569\testng-customsuite.xml
at org.testng.internal.Parameters.createParams(Parameters.java:270)
at org.testng.internal.Parameters.createParametersForMethod(Parameters.java:358)
at org.testng.internal.Parameters.createParameters(Parameters.java:700)
at org.testng.internal.Parameters.createConfigurationParameters(Parameters.java:168)
at org.testng.internal.ConfigInvoker.invokeConfigurations(ConfigInvoker.java:302)
at org.testng.TestRunner.invokeTestConfigurations(TestRunner.java:637)
at org.testng.TestRunner.beforeRun(TestRunner.java:627)
at org.testng.TestRunner.run(TestRunner.java:589)
at org.testng.SuiteRunner.runTest(SuiteRunner.java:377)
at org.testng.SuiteRunner.runSequentially(SuiteRunner.java:371)
at org.testng.SuiteRunner.privateRun(SuiteRunner.java:332)
at org.testng.SuiteRunner.run(SuiteRunner.java:276)
at org.testng.SuiteRunnerWorker.runSuite(SuiteRunnerWorker.java:53)
at org.testng.SuiteRunnerWorker.run(SuiteRunnerWorker.java:96)
at org.testng.TestNG.runSuitesSequentially(TestNG.java:1212)
at org.testng.TestNG.runSuitesLocally(TestNG.java:1134)
at org.testng.TestNG.runSuites(TestNG.java:1063)
at org.testng.TestNG.run(TestNG.java:1031)
at org.testng.remote.AbstractRemoteTestNG.run(AbstractRemoteTestNG.java:115)
at org.testng.remote.RemoteTestNG.initAndRun(RemoteTestNG.java:251)
at org.testng.remote.RemoteTestNG.main(RemoteTestNG.java:77)
]]>
    </failure>
  </testcase> <!-- @BeforeTest LauchBrowser -->
  <testcase classname="testNgTest.TestNgclass_3" name="@BeforeClass ctreatePOMObjects" time="-1.677221666879E9">
    <skipped/>
  </testcase> <!-- @BeforeClass ctreatePOMObjects -->
  <testcase classname="testNgTest.TestNgclass_3" name="@BeforeMethod goToSignUpForm" time="-1.67722166689E9">
    <skipped/>
  </testcase> <!-- @BeforeMethod goToSignUpForm -->
  <testcase classname="testNgTest.TestNgclass_3" name="@AfterMethod BackPage" time="-1.677221666894E9">
    <skipped/>
  </testcase> <!-- @AfterMethod BackPage -->
  <testcase classname="testNgTest.TestNgclass_3" name="@BeforeMethod goToSignUpForm" time="-1.677221666896E9">
    <skipped/>
  </testcase> <!-- @BeforeMethod goToSignUpForm -->
  <testcase classname="testNgTest.TestNgclass_3" name="@AfterMethod BackPage" time="-1.677221666903E9">
    <skipped/>
  </testcase> <!-- @AfterMethod BackPage -->
  <testcase classname="testNgTest.TestNgclass_3" name="@AfterClass clearPOMObjects" time="-1.677221666905E9">
    <skipped/>
  </testcase> <!-- @AfterClass clearPOMObjects -->
  <testcase classname="testNgTest.TestNgclass_3" name="@AfterTest closedbrowser" time="-1.677221666909E9">
    <skipped/>
  </testcase> <!-- @AfterTest closedbrowser -->
  <testcase classname="testNgTest.TestNgclass_3" name="VerifyCreateNewAccount" time="0.0">
    <skipped/>
  </testcase> <!-- VerifyCreateNewAccount -->
  <testcase classname="testNgTest.TestNgclass_3" name="VerifyLogin" time="0.0">
    <skipped/>
  </testcase> <!-- VerifyLogin -->
</testsuite> <!-- Default test -->
